This is pdfTeX, Version 3.14159265-2.6-1.40.15 (MiKTeX 2.9 64-bit) (preloaded format=pdflatex 2015.10.29)  10 APR 2016 16:55
entering extended mode
**SoftwareDesign.tex
(SoftwareDesign.tex
LaTeX2e <2014/05/01>
Babel <3.9l> and hyphenation patterns for 68 languages loaded.
("C:\Program Files\MiKTeX 2.9\tex\latex\amscls\amsart.cls"
Document Class: amsart 2009/07/02 v2.20.1
\linespacing=\dimen102
\normalparindent=\dimen103
\normaltopskip=\skip41
("C:\Program Files\MiKTeX 2.9\tex\latex\amsmath\amsmath.sty"
Package: amsmath 2013/01/14 v2.14 AMS math features
\@mathmargin=\skip42

For additional information on amsmath, use the `?' option.
("C:\Program Files\MiKTeX 2.9\tex\latex\amsmath\amstext.sty"
Package: amstext 2000/06/29 v2.01

("C:\Program Files\MiKTeX 2.9\tex\latex\amsmath\amsgen.sty"
File: amsgen.sty 1999/11/30 v2.0
\@emptytoks=\toks14
\ex@=\dimen104
))
("C:\Program Files\MiKTeX 2.9\tex\latex\amsmath\amsbsy.sty"
Package: amsbsy 1999/11/29 v1.2d
\pmbraise@=\dimen105
)
("C:\Program Files\MiKTeX 2.9\tex\latex\amsmath\amsopn.sty"
Package: amsopn 1999/12/14 v2.01 operator names
)
\inf@bad=\count79
LaTeX Info: Redefining \frac on input line 210.
\uproot@=\count80
\leftroot@=\count81
LaTeX Info: Redefining \overline on input line 306.
\classnum@=\count82
\DOTSCASE@=\count83
LaTeX Info: Redefining \ldots on input line 378.
LaTeX Info: Redefining \dots on input line 381.
LaTeX Info: Redefining \cdots on input line 466.
\Mathstrutbox@=\box26
\strutbox@=\box27
\big@size=\dimen106
LaTeX Font Info:    Redeclaring font encoding OML on input line 566.
LaTeX Font Info:    Redeclaring font encoding OMS on input line 567.
\macc@depth=\count84
\c@MaxMatrixCols=\count85
\dotsspace@=\muskip10
\c@parentequation=\count86
\dspbrk@lvl=\count87
\tag@help=\toks15
\row@=\count88
\column@=\count89
\maxfields@=\count90
\andhelp@=\toks16
\eqnshift@=\dimen107
\alignsep@=\dimen108
\tagshift@=\dimen109
\tagwidth@=\dimen110
\totwidth@=\dimen111
\lineht@=\dimen112
\@envbody=\toks17
\multlinegap=\skip43
\multlinetaggap=\skip44
\mathdisplay@stack=\toks18
LaTeX Info: Redefining \[ on input line 2665.
LaTeX Info: Redefining \] on input line 2666.
)
LaTeX Font Info:    Try loading font information for U+msa on input line 388.

("C:\Program Files\MiKTeX 2.9\tex\latex\amsfonts\umsa.fd"
File: umsa.fd 2013/01/14 v3.01 AMS symbols A
)
("C:\Program Files\MiKTeX 2.9\tex\latex\amsfonts\amsfonts.sty"
Package: amsfonts 2013/01/14 v3.01 Basic AMSFonts support
\symAMSa=\mathgroup4
\symAMSb=\mathgroup5
LaTeX Font Info:    Overwriting math alphabet `\mathfrak' in version `bold'
(Font)                  U/euf/m/n --> U/euf/b/n on input line 106.
)
\copyins=\insert233
\abstractbox=\box28
\listisep=\skip45
\c@part=\count91
\c@section=\count92
\c@subsection=\count93
\c@subsubsection=\count94
\c@paragraph=\count95
\c@subparagraph=\count96
\c@figure=\count97
\c@table=\count98
\abovecaptionskip=\skip46
\belowcaptionskip=\skip47
\captionindent=\dimen113
\thm@style=\toks19
\thm@bodyfont=\toks20
\thm@headfont=\toks21
\thm@notefont=\toks22
\thm@headpunct=\toks23
\thm@preskip=\skip48
\thm@postskip=\skip49
\thm@headsep=\skip50
\dth@everypar=\toks24
)
("C:\Program Files\MiKTeX 2.9\tex\latex\appendix\appendix.sty"
Package: appendix 2009/09/02 v1.2b extra appendix facilities
\c@@pps=\count99
\c@@ppsavesec=\count100
\c@@ppsaveapp=\count101
)
("C:\Program Files\MiKTeX 2.9\tex\latex\graphics\graphicx.sty"
Package: graphicx 2014/10/28 v1.0g Enhanced LaTeX Graphics (DPC,SPQR)

("C:\Program Files\MiKTeX 2.9\tex\latex\graphics\keyval.sty"
Package: keyval 2014/10/28 v1.15 key=value parser (DPC)
\KV@toks@=\toks25
)
("C:\Program Files\MiKTeX 2.9\tex\latex\graphics\graphics.sty"
Package: graphics 2014/10/28 v1.0p Standard LaTeX Graphics (DPC,SPQR)

("C:\Program Files\MiKTeX 2.9\tex\latex\graphics\trig.sty"
Package: trig 1999/03/16 v1.09 sin cos tan (DPC)
)
("C:\Program Files\MiKTeX 2.9\tex\latex\00miktex\graphics.cfg"
File: graphics.cfg 2007/01/18 v1.5 graphics configuration of teTeX/TeXLive
)
Package graphics Info: Driver file: pdftex.def on input line 91.

("C:\Program Files\MiKTeX 2.9\tex\latex\pdftex-def\pdftex.def"
File: pdftex.def 2011/05/27 v0.06d Graphics/color for pdfTeX

("C:\Program Files\MiKTeX 2.9\tex\generic\oberdiek\infwarerr.sty"
Package: infwarerr 2010/04/08 v1.3 Providing info/warning/error messages (HO)
)
("C:\Program Files\MiKTeX 2.9\tex\generic\oberdiek\ltxcmds.sty"
Package: ltxcmds 2011/11/09 v1.22 LaTeX kernel commands for general use (HO)
)
\Gread@gobject=\count102
))
\Gin@req@height=\dimen114
\Gin@req@width=\dimen115
)
("C:\Program Files\MiKTeX 2.9\tex\latex\pdfpages\pdfpages.sty"
Package: pdfpages 2015/09/18 v0.5d Insert pages of external PDF documents (AM)

("C:\Program Files\MiKTeX 2.9\tex\latex\base\ifthen.sty"
Package: ifthen 2014/09/29 v1.1c Standard LaTeX ifthen package (DPC)
)
("C:\Program Files\MiKTeX 2.9\tex\latex\tools\calc.sty"
Package: calc 2014/10/28 v4.3 Infix arithmetic (KKT,FJ)
\calc@Acount=\count103
\calc@Bcount=\count104
\calc@Adimen=\dimen116
\calc@Bdimen=\dimen117
\calc@Askip=\skip51
\calc@Bskip=\skip52
LaTeX Info: Redefining \setlength on input line 75.
LaTeX Info: Redefining \addtolength on input line 76.
\calc@Ccount=\count105
\calc@Cskip=\skip53
)
("C:\Program Files\MiKTeX 2.9\tex\latex\eso-pic\eso-pic.sty"
Package: eso-pic 2015/07/21 v2.0g eso-pic (RN)

("C:\Program Files\MiKTeX 2.9\tex\generic\oberdiek\atbegshi.sty"
Package: atbegshi 2011/10/05 v1.16 At begin shipout hook (HO)

("C:\Program Files\MiKTeX 2.9\tex\generic\oberdiek\ifpdf.sty"
Package: ifpdf 2011/01/30 v2.3 Provides the ifpdf switch (HO)
Package ifpdf Info: pdfTeX in PDF mode is detected.
))
("C:\Program Files\MiKTeX 2.9\tex\latex\xcolor\xcolor.sty"
Package: xcolor 2007/01/21 v2.11 LaTeX color extensions (UK)

("C:\Program Files\MiKTeX 2.9\tex\latex\00miktex\color.cfg"
File: color.cfg 2007/01/18 v1.5 color configuration of teTeX/TeXLive
)
Package xcolor Info: Driver file: pdftex.def on input line 225.
Package xcolor Info: Model `cmy' substituted by `cmy0' on input line 1337.
Package xcolor Info: Model `hsb' substituted by `rgb' on input line 1341.
Package xcolor Info: Model `RGB' extended on input line 1353.
Package xcolor Info: Model `HTML' substituted by `rgb' on input line 1355.
Package xcolor Info: Model `Hsb' substituted by `hsb' on input line 1356.
Package xcolor Info: Model `tHsb' substituted by `hsb' on input line 1357.
Package xcolor Info: Model `HSB' substituted by `hsb' on input line 1358.
Package xcolor Info: Model `Gray' substituted by `gray' on input line 1359.
Package xcolor Info: Model `wave' substituted by `hsb' on input line 1360.
))
\AM@pagewidth=\dimen118
\AM@pageheight=\dimen119

("C:\Program Files\MiKTeX 2.9\tex\latex\pdfpages\pppdftex.def"
File: pppdftex.def 2015/09/18 v0.5d Pdfpages driver for pdfTeX (AM)
)
\AM@pagebox=\box29
\AM@toc@title=\toks26
\c@AM@survey=\count106
\AM@templatesizebox=\box30
)

LaTeX Warning: Unused global option(s):
    [10].

(SoftwareDesign.aux)
LaTeX Font Info:    Checking defaults for OML/cmm/m/it on input line 9.
LaTeX Font Info:    ... okay on input line 9.
LaTeX Font Info:    Checking defaults for T1/cmr/m/n on input line 9.
LaTeX Font Info:    ... okay on input line 9.
LaTeX Font Info:    Checking defaults for OT1/cmr/m/n on input line 9.
LaTeX Font Info:    ... okay on input line 9.
LaTeX Font Info:    Checking defaults for OMS/cmsy/m/n on input line 9.
LaTeX Font Info:    ... okay on input line 9.
LaTeX Font Info:    Checking defaults for OMX/cmex/m/n on input line 9.
LaTeX Font Info:    ... okay on input line 9.
LaTeX Font Info:    Checking defaults for U/cmr/m/n on input line 9.
LaTeX Font Info:    ... okay on input line 9.
LaTeX Font Info:    Try loading font information for U+msa on input line 9.
 ("C:\Program Files\MiKTeX 2.9\tex\latex\amsfonts\umsa.fd"
File: umsa.fd 2013/01/14 v3.01 AMS symbols A
)
LaTeX Font Info:    Try loading font information for U+msb on input line 9.
("C:\Program Files\MiKTeX 2.9\tex\latex\amsfonts\umsb.fd"
File: umsb.fd 2013/01/14 v3.01 AMS symbols B
)
("C:\Program Files\MiKTeX 2.9\tex\context\base\supp-pdf.mkii"
[Loading MPS to PDF converter (version 2006.09.02).]
\scratchcounter=\count107
\scratchdimen=\dimen120
\scratchbox=\box31
\nofMPsegments=\count108
\nofMParguments=\count109
\everyMPshowfont=\toks27
\MPscratchCnt=\count110
\MPscratchDim=\dimen121
\MPnumerator=\count111
\makeMPintoPDFobject=\count112
\everyMPtoPDFconversion=\toks28
)
\AtBeginShipoutBox=\box32
 ("C:\Program Files\MiKTeX 2.9\tex\latex\oberdiek\pdflscape.sty"
Package: pdflscape 2008/08/11 v0.10 Display of landscape pages in PDF (HO)

("C:\Program Files\MiKTeX 2.9\tex\latex\graphics\lscape.sty"
Package: lscape 2000/10/22 v3.01 Landscape Pages (DPC)
)
Package pdflscape Info: Auto-detected driver: pdftex on input line 80.

("C:\Program Files\MiKTeX 2.9\tex\generic\ifxetex\ifxetex.sty"
Package: ifxetex 2010/09/12 v0.6 Provides ifxetex conditional
)) [1{C:/ProgramData/MiKTeX/2.9/pdftex/config/pdftex.map}]
<ScannerDFA.jpg, id=10, 1344.02126pt x 564.1075pt>
File: ScannerDFA.jpg Graphic file (type jpg)
 <use ScannerDFA.jpg>
Package pdftex.def Info: ScannerDFA.jpg used on input line 39.
(pdftex.def)             Requested size: 360.0pt x 151.09738pt.

<Grammar.pdf, id=11, 614.295pt x 794.97pt>
File: Grammar.pdf Graphic file (type pdf)
 <use Grammar.pdf>
Package pdftex.def Info: Grammar.pdf used on input line 51.
(pdftex.def)             Requested size: 614.29349pt x 794.96806pt.
File: Grammar.pdf Graphic file (type pdf)
 <use Grammar.pdf>
Package pdftex.def Info: Grammar.pdf used on input line 51.
(pdftex.def)             Requested size: 614.29349pt x 794.96806pt.

<Grammar.pdf, id=14, page=1, 614.295pt x 794.97pt>
File: Grammar.pdf Graphic file (type pdf)
 <use Grammar.pdf, page 1>
Package pdftex.def Info: Grammar.pdf, page1 used on input line 51.
(pdftex.def)             Requested size: 491.43666pt x 635.97687pt.

[2 <./ScannerDFA.jpg>]
File: Grammar.pdf Graphic file (type pdf)
 <use Grammar.pdf, page 1>
Package pdftex.def Info: Grammar.pdf, page1 used on input line 51.
(pdftex.def)             Requested size: 491.43666pt x 635.97687pt.
File: Grammar.pdf Graphic file (type pdf)
 <use Grammar.pdf, page 1>
Package pdftex.def Info: Grammar.pdf, page1 used on input line 51.
(pdftex.def)             Requested size: 491.43666pt x 635.97687pt.
File: Grammar.pdf Graphic file (type pdf)

<use Grammar.pdf, page 1>
Package pdftex.def Info: Grammar.pdf, page1 used on input line 51.
(pdftex.def)             Requested size: 491.43666pt x 635.97687pt.
 [3 <./Grammar.pdf>]
<Grammar.pdf, id=80, page=2, 614.295pt x 794.97pt>
File: Grammar.pdf Graphic file (type pdf)
 <use Grammar.pdf, page 2>
Package pdftex.def Info: Grammar.pdf, page2 used on input line 51.
(pdftex.def)             Requested size: 491.43666pt x 635.97687pt.
File: Grammar.pdf Graphic file (type pdf)

<use Grammar.pdf, page 2>
Package pdftex.def Info: Grammar.pdf, page2 used on input line 51.
(pdftex.def)             Requested size: 491.43666pt x 635.97687pt.
File: Grammar.pdf Graphic file (type pdf)
 <use Grammar.pdf, page 2>
Package pdftex.def Info: Grammar.pdf, page2 used on input line 51.
(pdftex.def)             Requested size: 491.43666pt x 635.97687pt.
 [4 <./Grammar.pdf>]
<Grammar.pdf, id=84, page=3, 614.295pt x 794.97pt>
File: Grammar.pdf Graphic file (type pdf)
 <use Grammar.pdf, page 3>
Package pdftex.def Info: Grammar.pdf, page3 used on input line 51.
(pdftex.def)             Requested size: 491.43666pt x 635.97687pt.
File: Grammar.pdf Graphic file (type pdf)

<use Grammar.pdf, page 3>
Package pdftex.def Info: Grammar.pdf, page3 used on input line 51.
(pdftex.def)             Requested size: 491.43666pt x 635.97687pt.
File: Grammar.pdf Graphic file (type pdf)
 <use Grammar.pdf, page 3>
Package pdftex.def Info: Grammar.pdf, page3 used on input line 51.
(pdftex.def)             Requested size: 491.43666pt x 635.97687pt.
 [5 <./Grammar.pdf>]
<ScannerUML.png, id=98, 225.84375pt x 300.12125pt>
File: ScannerUML.png Graphic file (type png)
 <use ScannerUML.png>
Package pdftex.def Info: ScannerUML.png used on input line 56.
(pdftex.def)             Requested size: 225.84319pt x 300.12051pt.

<ParserUML.png, id=99, 429.605pt x 653.44125pt>
File: ParserUML.png Graphic file (type png)
 <use ParserUML.png>
Package pdftex.def Info: ParserUML.png used on input line 59.
(pdftex.def)             Requested size: 429.60394pt x 653.43965pt.

Overfull \hbox (69.60394pt too wide) in paragraph at lines 59--60
 [][] 
 []


LaTeX Warning: Float too large for page by 69.43965pt on input line 60.

<SymTableUML.png, id=100, 287.0725pt x 319.1925pt>
File: SymTableUML.png Graphic file (type png)
 <use SymTableUML.png>
Package pdftex.def Info: SymTableUML.png used on input line 62.
(pdftex.def)             Requested size: 287.0718pt x 319.19171pt.

[6 <./ScannerUML.png (PNG copy)>] [7 <./ParserUML.png (PNG copy)>] [8 <./SymTab
leUML.png (PNG copy)>] (SoftwareDesign.aux) ) 
Here is how much of TeX's memory you used:
 3710 strings out of 493698
 48197 string characters out of 3144414
 115145 words of memory out of 3000000
 6834 multiletter control sequences out of 15000+200000
 9048 words of font info for 36 fonts, out of 3000000 for 9000
 1186 hyphenation exceptions out of 8191
 40i,19n,46p,415b,479s stack positions out of 5000i,500n,10000p,200000b,50000s
<C:/Program Files/MiKTeX 2.9/fonts
/type1/public/amsfonts/cm/cmbx10.pfb><C:/Program Files/MiKTeX 2.9/fonts/type1/p
ublic/amsfonts/cm/cmcsc10.pfb><C:/Program Files/MiKTeX 2.9/fonts/type1/public/a
msfonts/cm/cmmi10.pfb><C:/Program Files/MiKTeX 2.9/fonts/type1/public/amsfonts/
cm/cmr10.pfb><C:/Program Files/MiKTeX 2.9/fonts/type1/public/amsfonts/cm/cmr7.p
fb><C:/Program Files/MiKTeX 2.9/fonts/type1/public/amsfonts/cm/cmr8.pfb><C:/Pro
gram Files/MiKTeX 2.9/fonts/type1/public/amsfonts/cm/cmsy10.pfb>
Output written on SoftwareDesign.pdf (8 pages, 255579 bytes).
PDF statistics:
 134 PDF objects out of 1000 (max. 8388607)
 0 named destinations out of 1000 (max. 500000)
 51 words of extra memory for PDF output out of 10000 (max. 10000000)

